<?xml version="1.0" encoding="UTF-8"?>
<!-- Generated by org.testng.reporters.JUnitReportReporter -->
<testsuite hostname="ThisPC" failures="0" tests="2" name="qa.tests.Testcase1" time="27.844" errors="0" timestamp="2024-11-04T21:07:32 IST" skipped="0">
  <testcase classname="qa.tests.Testcase1" name="sampleMethodForEnteringCrrdentialsd" time="16.436"/>
  <system-out/>
  <testcase classname="qa.tests.Testcase1" name="aboutTextBox" time="11.408"/>
  <system-out/>
</testsuite> <!-- qa.tests.Testcase1 -->
