<?xml version="1.0" encoding="UTF-8"?>
<!-- Generated by org.testng.reporters.JUnitReportReporter -->
<testsuite hostname="ThisPC" failures="0" tests="1" name="StudentFormTests" time="40.817" errors="0" timestamp="2024-11-04T23:08:32 IST" skipped="0">
  <testcase classname="StudentFormTests" name="submit_requiredValues_RegistersStudent" time="40.817"/>
</testsuite> <!-- StudentFormTests -->
